<?xml version="1.0" encoding="UTF-8"?>
<!-- Generated by org.testng.reporters.JUnitXMLReporter -->
<testsuite ignored="1" hostname="PIC4449" failures="0" tests="1" name="Default test" time="5.195" errors="0" timestamp="2024-07-07T10:48:15 IST">
  <testcase classname="Test.ProductTest" name="verifyProductSorting" time="0.534"/>
  <testcase classname="Test.ProductTest" name="add3LowestPricedProductToCart" time="0.0">
    <ignored/>
  </testcase> <!-- add3LowestPricedProductToCart -->
</testsuite> <!-- Default test -->
